<?xml version="1.0" encoding="UTF-8"?>
<!-- Generated by org.testng.reporters.JUnitReportReporter -->
<testsuite hostname="DESKTOP-VPG8QQH" failures="0" tests="1" name="com.toolshop.tests.LoginTest" time="1.983" errors="0" timestamp="2025-01-03T10:09:23 GMT" skipped="0">
  <testcase classname="com.toolshop.tests.LoginTest" name="LoginPage" time="1.983"/>
  <system-out/>
</testsuite> <!-- com.toolshop.tests.LoginTest -->
