<?xml version="1.0" encoding="UTF-8"?>
<!-- Generated by org.testng.reporters.JUnitReportReporter -->
<testsuite hostname="DESKTOP-VPG8QQH" failures="0" tests="1" name="com.toolshop.tests.RegisterTest" time="5.513" errors="0" timestamp="2025-01-06T09:24:23 GMT" skipped="0">
  <testcase classname="com.toolshop.tests.RegisterTest" name="RegisterTest" time="5.513"/>
  <system-out/>
</testsuite> <!-- com.toolshop.tests.RegisterTest -->
