<?xml version="1.0" encoding="UTF-8"?>
<!-- Generated by org.testng.reporters.JUnitReportReporter -->
<testsuite hostname="DESKTOP-VPG8QQH" failures="0" tests="1" name="com.toolshop.tests.RegisterTest" time="5.277" errors="0" timestamp="2024-12-30T11:23:59 GMT" skipped="0">
  <testcase classname="com.toolshop.tests.RegisterTest" name="RegisterTest" time="5.277"/>
  <system-out/>
</testsuite> <!-- com.toolshop.tests.RegisterTest -->
