<?xml version="1.0" encoding="UTF-8"?>
<!-- Generated by org.testng.reporters.JUnitReportReporter -->
<testsuite hostname="DESKTOP-VPG8QQH" failures="0" tests="1" name="com.toolshop.tests.LoginTest" time="1.935" errors="0" timestamp="2024-12-30T13:22:07 GMT" skipped="0">
  <testcase classname="com.toolshop.tests.LoginTest" name="LoginPage" time="1.935"/>
  <system-out/>
</testsuite> <!-- com.toolshop.tests.LoginTest -->
